  stdafx.cpp
  Shaders.cpp
c:\users\40167111\desktop\computer-graphic-scene\computergraphicscene\framework\shaders.cpp(40): warning C4267: 'initializing': conversion from 'size_t' to 'int', possible loss of data
c:\users\40167111\desktop\computer-graphic-scene\computergraphicscene\framework\shaders.cpp(40): warning C4267: 'initializing': conversion from 'size_t' to 'const int', possible loss of data
  Renderer.cpp
  Model.cpp
c:\users\40167111\desktop\computer-graphic-scene\computergraphicscene\framework\model.cpp(136): warning C4267: '=': conversion from 'size_t' to 'GLuint', possible loss of data
c:\users\40167111\desktop\computer-graphic-scene\computergraphicscene\framework\model.cpp(160): warning C4267: '=': conversion from 'size_t' to 'GLuint', possible loss of data
c:\users\40167111\desktop\computer-graphic-scene\computergraphicscene\framework\model.cpp(184): warning C4267: '=': conversion from 'size_t' to 'GLuint', possible loss of data
c:\users\40167111\desktop\computer-graphic-scene\computergraphicscene\framework\model.cpp(204): warning C4267: '=': conversion from 'size_t' to 'GLuint', possible loss of data
  FreeCamera.cpp
  GLM: perspective function taking degrees as a parameter is deprecated. #define GLM_FORCE_RADIANS before including GLM headers to remove this message.
  Generating Code...
Model.obj : error LNK2019: unresolved external symbol __imp_glewInit referenced in function "public: __cdecl BarnabusFramework::Model::Model(void)" (??0Model@BarnabusFramework@@QEAA@XZ)
Renderer.obj : error LNK2001: unresolved external symbol __imp_glewInit
Model.obj : error LNK2019: unresolved external symbol "public: __cdecl Assimp::Importer::Importer(void)" (??0Importer@Assimp@@QEAA@XZ) referenced in function "public: void __cdecl BarnabusFramework::Model::LoadMesh(class std::basic_string<char,struct std::char_traits<char>,class std::allocator<char> > const &)" (?LoadMesh@Model@BarnabusFramework@@QEAAXAEBV?$basic_string@DU?$char_traits@D@std@@V?$allocator@D@2@@std@@@Z)
Model.obj : error LNK2019: unresolved external symbol "public: __cdecl Assimp::Importer::~Importer(void)" (??1Importer@Assimp@@QEAA@XZ) referenced in function "public: void __cdecl BarnabusFramework::Model::LoadMesh(class std::basic_string<char,struct std::char_traits<char>,class std::allocator<char> > const &)" (?LoadMesh@Model@BarnabusFramework@@QEAAXAEBV?$basic_string@DU?$char_traits@D@std@@V?$allocator@D@2@@std@@@Z)
Model.obj : error LNK2019: unresolved external symbol "public: struct aiScene const * __cdecl Assimp::Importer::ReadFile(char const *,unsigned int)" (?ReadFile@Importer@Assimp@@QEAAPEBUaiScene@@PEBDI@Z) referenced in function "public: struct aiScene const * __cdecl Assimp::Importer::ReadFile(class std::basic_string<char,struct std::char_traits<char>,class std::allocator<char> > const &,unsigned int)" (?ReadFile@Importer@Assimp@@QEAAPEBUaiScene@@AEBV?$basic_string@DU?$char_traits@D@std@@V?$allocator@D@2@@std@@I@Z)
Model.obj : error LNK2019: unresolved external symbol "public: char const * __cdecl Assimp::Importer::GetErrorString(void)const " (?GetErrorString@Importer@Assimp@@QEBAPEBDXZ) referenced in function "public: void __cdecl BarnabusFramework::Model::LoadMesh(class std::basic_string<char,struct std::char_traits<char>,class std::allocator<char> > const &)" (?LoadMesh@Model@BarnabusFramework@@QEAAXAEBV?$basic_string@DU?$char_traits@D@std@@V?$allocator@D@2@@std@@@Z)
Model.obj : error LNK2001: unresolved external symbol __imp___glewBindBuffer
Model.obj : error LNK2001: unresolved external symbol __imp___glewBufferData
Model.obj : error LNK2001: unresolved external symbol __imp___glewGenBuffers
Model.obj : error LNK2001: unresolved external symbol __imp___glewEnableVertexAttribArray
Model.obj : error LNK2001: unresolved external symbol __imp___glewVertexAttribPointer
Model.obj : error LNK2001: unresolved external symbol __imp___glewBindVertexArray
Model.obj : error LNK2001: unresolved external symbol __imp___glewGenVertexArrays
Renderer.obj : error LNK2019: unresolved external symbol glfwInit referenced in function "public: void __cdecl BarnabusFramework::Renderer::SetUpOpenGL(void)" (?SetUpOpenGL@Renderer@BarnabusFramework@@QEAAXXZ)
Renderer.obj : error LNK2019: unresolved external symbol glfwTerminate referenced in function "public: void __cdecl BarnabusFramework::Renderer::Run(void)" (?Run@Renderer@BarnabusFramework@@QEAAXXZ)
Renderer.obj : error LNK2019: unresolved external symbol glfwCreateWindow referenced in function "public: void __cdecl BarnabusFramework::Renderer::SetUpOpenGL(void)" (?SetUpOpenGL@Renderer@BarnabusFramework@@QEAAXXZ)
Renderer.obj : error LNK2019: unresolved external symbol glfwDestroyWindow referenced in function "public: void __cdecl BarnabusFramework::Renderer::Run(void)" (?Run@Renderer@BarnabusFramework@@QEAAXXZ)
Renderer.obj : error LNK2019: unresolved external symbol glfwWindowShouldClose referenced in function "public: void __cdecl BarnabusFramework::Renderer::Run(void)" (?Run@Renderer@BarnabusFramework@@QEAAXXZ)
Renderer.obj : error LNK2019: unresolved external symbol glfwSetWindowShouldClose referenced in function "public: void __cdecl BarnabusFramework::Renderer::Run(void)" (?Run@Renderer@BarnabusFramework@@QEAAXXZ)
Renderer.obj : error LNK2019: unresolved external symbol glfwGetFramebufferSize referenced in function "public: void __cdecl BarnabusFramework::Renderer::SetUpOpenGL(void)" (?SetUpOpenGL@Renderer@BarnabusFramework@@QEAAXXZ)
Renderer.obj : error LNK2019: unresolved external symbol glfwPollEvents referenced in function "public: void __cdecl BarnabusFramework::Renderer::Run(void)" (?Run@Renderer@BarnabusFramework@@QEAAXXZ)
Renderer.obj : error LNK2019: unresolved external symbol glfwGetKey referenced in function "public: void __cdecl BarnabusFramework::Renderer::Run(void)" (?Run@Renderer@BarnabusFramework@@QEAAXXZ)
Renderer.obj : error LNK2019: unresolved external symbol glfwMakeContextCurrent referenced in function "public: void __cdecl BarnabusFramework::Renderer::SetUpOpenGL(void)" (?SetUpOpenGL@Renderer@BarnabusFramework@@QEAAXXZ)
Renderer.obj : error LNK2019: unresolved external symbol glfwSwapBuffers referenced in function "public: void __cdecl BarnabusFramework::Renderer::Run(void)" (?Run@Renderer@BarnabusFramework@@QEAAXXZ)
Renderer.obj : error LNK2019: unresolved external symbol glfwSwapInterval referenced in function "public: void __cdecl BarnabusFramework::Renderer::SetUpOpenGL(void)" (?SetUpOpenGL@Renderer@BarnabusFramework@@QEAAXXZ)
Renderer.obj : error LNK2001: unresolved external symbol __imp_glewExperimental
Shaders.obj : error LNK2001: unresolved external symbol __imp___glewAttachShader
Shaders.obj : error LNK2001: unresolved external symbol __imp___glewCompileShader
Shaders.obj : error LNK2001: unresolved external symbol __imp___glewCreateProgram
Shaders.obj : error LNK2001: unresolved external symbol __imp___glewCreateShader
Shaders.obj : error LNK2001: unresolved external symbol __imp___glewGetProgramInfoLog
Shaders.obj : error LNK2001: unresolved external symbol __imp___glewGetProgramiv
Shaders.obj : error LNK2001: unresolved external symbol __imp___glewGetShaderInfoLog
Shaders.obj : error LNK2001: unresolved external symbol __imp___glewGetShaderiv
Shaders.obj : error LNK2001: unresolved external symbol __imp___glewLinkProgram
Shaders.obj : error LNK2001: unresolved external symbol __imp___glewShaderSource
MSVCRTD.lib(exe_main.obj) : error LNK2019: unresolved external symbol main referenced in function "int __cdecl invoke_main(void)" (?invoke_main@@YAHXZ)
C:\Users\40167111\Desktop\Computer-Graphic-Scene\ComputerGraphicScene\lib\glew32.lib : warning LNK4272: library machine type 'X86' conflicts with target machine type 'x64'
C:\Users\40167111\Desktop\Computer-Graphic-Scene\ComputerGraphicScene\lib\glfw3dll.lib : warning LNK4272: library machine type 'X86' conflicts with target machine type 'x64'
C:\Users\40167111\Desktop\Computer-Graphic-Scene\ComputerGraphicScene\lib\FreeImage.lib : warning LNK4272: library machine type 'X86' conflicts with target machine type 'x64'
C:\Users\40167111\Desktop\Computer-Graphic-Scene\ComputerGraphicScene\lib\assimp.lib : warning LNK4272: library machine type 'X86' conflicts with target machine type 'x64'
C:\Users\40167111\Desktop\Computer-Graphic-Scene\ComputerGraphicScene\x64\Debug\Framework.exe : fatal error LNK1120: 36 unresolved externals
